<?xml version="1.0" encoding="UTF-8"?>
<!-- Generated by org.testng.reporters.JUnitReportReporter -->
<testsuite skipped="0" hostname="BobITs-Mac-mini.fios-router.home" name="com.webdrivertest.tests.DynamicControlPageTest" tests="2" failures="0" timestamp="2021-03-27T23:18:59 EDT" time="5.366" errors="0">
  <testcase name="testEnabledTextField" time="4.284" classname="com.webdrivertest.tests.DynamicControlPageTest"/>
  <system-out/>
  <testcase name="testRemoveCheckBox" time="1.082" classname="com.webdrivertest.tests.DynamicControlPageTest"/>
  <system-out/>
</testsuite> <!-- com.webdrivertest.tests.DynamicControlPageTest -->
