<?xml version="1.0" encoding="UTF-8"?>
<!-- Generated by org.testng.reporters.JUnitReportReporter -->
<testsuite skipped="0" hostname="BobITs-Mac-mini.fios-router.home" name="com.webdrivertest.tests.LoginPageTest" tests="5" failures="0" timestamp="2021-03-27T23:18:59 EDT" time="6.204" errors="0">
  <testcase name="testPageTitleTest" time="1.115" classname="com.webdrivertest.tests.LoginPageTest"/>
  <system-out/>
  <testcase name="testLoginValidCreds" time="1.321" classname="com.webdrivertest.tests.LoginPageTest"/>
  <system-out/>
  <testcase name="testLoginInvalidCreds" time="1.259" classname="com.webdrivertest.tests.LoginPageTest"/>
  <system-out/>
  <testcase name="testLoginInvalidCreds" time="1.241" classname="com.webdrivertest.tests.LoginPageTest"/>
  <system-out/>
  <testcase name="testLoginInvalidCreds" time="1.268" classname="com.webdrivertest.tests.LoginPageTest"/>
  <system-out/>
</testsuite> <!-- com.webdrivertest.tests.LoginPageTest -->
