<?xml version="1.0" encoding="UTF-8"?>
<!-- Generated by org.testng.reporters.JUnitReportReporter -->
<testsuite skipped="0" hostname="BobITs-Mac-mini.fios-router.home" name="com.webdrivertest.tests.ContextMenuPageTest" tests="1" failures="0" timestamp="2021-03-27T23:18:59 EDT" time="1.205" errors="0">
  <testcase name="testContextPage" time="1.205" classname="com.webdrivertest.tests.ContextMenuPageTest"/>
  <system-out/>
</testsuite> <!-- com.webdrivertest.tests.ContextMenuPageTest -->
