<?xml version="1.0" encoding="UTF-8"?>
<!-- Generated by org.testng.reporters.JUnitReportReporter -->
<testsuite skipped="0" hostname="BobITs-Mac-mini.fios-router.home" name="com.webdrivertest.tests.DropDownPageTest" tests="2" failures="0" timestamp="2021-03-27T23:18:59 EDT" time="2.223" errors="0">
  <testcase name="testFirstOption" time="1.004" classname="com.webdrivertest.tests.DropDownPageTest"/>
  <system-out/>
  <testcase name="secondFirstOption" time="1.219" classname="com.webdrivertest.tests.DropDownPageTest"/>
  <system-out/>
</testsuite> <!-- com.webdrivertest.tests.DropDownPageTest -->
