<?xml version="1.0" encoding="UTF-8"?>
<!-- Generated by org.testng.reporters.JUnitReportReporter -->
<testsuite skipped="0" hostname="BobITs-Mac-mini.fios-router.home" name="com.webdrivertest.tests.JavaScriptAlertPageTest" tests="3" failures="0" timestamp="2021-03-27T23:18:59 EDT" time="3.169" errors="0">
  <testcase name="testJSalert" time="1.041" classname="com.webdrivertest.tests.JavaScriptAlertPageTest"/>
  <system-out/>
  <testcase name="testJSConfirm" time="1.063" classname="com.webdrivertest.tests.JavaScriptAlertPageTest"/>
  <system-out/>
  <testcase name="testJSPrompt" time="1.065" classname="com.webdrivertest.tests.JavaScriptAlertPageTest"/>
  <system-out/>
</testsuite> <!-- com.webdrivertest.tests.JavaScriptAlertPageTest -->
