<?xml version="1.0" encoding="UTF-8"?>
<!-- Generated by org.testng.reporters.JUnitReportReporter -->
<testsuite skipped="0" hostname="BobITs-Mac-mini.fios-router.home" name="com.webdrivertest.tests.LoginPageTest" tests="5" failures="0" timestamp="29 Mar 2021 22:37:12 GMT" time="7.184" errors="0">
  <testcase name="testPageTitleTest" time="1.821" classname="com.webdrivertest.tests.LoginPageTest"/>
  <testcase name="testLoginValidCreds" time="1.328" classname="com.webdrivertest.tests.LoginPageTest"/>
  <testcase name="testLoginInvalidCreds" time="1.257" classname="com.webdrivertest.tests.LoginPageTest"/>
  <testcase name="testLoginInvalidCreds" time="1.419" classname="com.webdrivertest.tests.LoginPageTest"/>
  <testcase name="testLoginInvalidCreds" time="1.359" classname="com.webdrivertest.tests.LoginPageTest"/>
</testsuite> <!-- com.webdrivertest.tests.LoginPageTest -->
